==========================================
[2025-10-28 15:50:56.434] APPLICATION STARTED
Startup Time: 2025-10-28 15:50:56.434
Application: AopCalApplication
Profile: default
==========================================

==========================================
[2025-10-28 15:51:15.209] APPLICATION STARTED
Startup Time: 2025-10-28 15:51:15.209
Application: AopCalApplication
Profile: default
==========================================

==========================================
[2025-10-28 15:51:51.691] APPLICATION STARTED
Startup Time: 2025-10-28 15:51:51.691
Application: AopCalApplication
Profile: default
==========================================

==========================================
[2025-10-28 15:52:46.660] APPLICATION STARTED
Startup Time: 2025-10-28 15:52:46.660
Application: AopCalApplication
Profile: default
==========================================

==========================================
[2025-10-28 15:53:09.844] APPLICATION STARTED
Startup Time: 2025-10-28 15:53:09.844
Application: AopCalApplication
Profile: default
==========================================

