=== System Information - 2025-10-28 15:50:56.434 ===
Java Version: 17.0.17
Java Home: /Library/Java/JavaVirtualMachines/temurin-17.jdk/Contents/Home
OS Name: Mac OS X
OS Version: 26.0.1
User Directory: /Users/fengyunlong/Documents/jiayan/study/msa_edu/Spring/SprintBoot/aop_cal
Available Processors: 8
Max Memory: 2048 MB
Total Memory: 57 MB
=======================================

=== System Information - 2025-10-28 15:51:15.209 ===
Java Version: 17.0.17
Java Home: /Library/Java/JavaVirtualMachines/temurin-17.jdk/Contents/Home
OS Name: Mac OS X
OS Version: 26.0.1
User Directory: /Users/fengyunlong/Documents/jiayan/study/msa_edu/Spring/SprintBoot/aop_cal
Available Processors: 8
Max Memory: 2048 MB
Total Memory: 54 MB
=======================================

=== System Information - 2025-10-28 15:51:51.691 ===
Java Version: 17.0.17
Java Home: /Library/Java/JavaVirtualMachines/temurin-17.jdk/Contents/Home
OS Name: Mac OS X
OS Version: 26.0.1
User Directory: /Users/fengyunlong/Documents/jiayan/study/msa_edu/Spring/SprintBoot/aop_cal
Available Processors: 8
Max Memory: 2048 MB
Total Memory: 54 MB
=======================================

=== System Information - 2025-10-28 15:52:46.660 ===
Java Version: 17.0.17
Java Home: /Library/Java/JavaVirtualMachines/temurin-17.jdk/Contents/Home
OS Name: Mac OS X
OS Version: 26.0.1
User Directory: /Users/fengyunlong/Documents/jiayan/study/msa_edu/Spring/SprintBoot/aop_cal
Available Processors: 8
Max Memory: 2048 MB
Total Memory: 84 MB
=======================================

=== System Information - 2025-10-28 15:53:09.845 ===
Java Version: 17.0.17
Java Home: /Library/Java/JavaVirtualMachines/temurin-17.jdk/Contents/Home
OS Name: Mac OS X
OS Version: 26.0.1
User Directory: /Users/fengyunlong/Documents/jiayan/study/msa_edu/Spring/SprintBoot/aop_cal
Available Processors: 8
Max Memory: 2048 MB
Total Memory: 60 MB
=======================================

